parser_yylex 66e0 asso_values 0100 wordlist 03bf8 lookup 0000 total  41944 filesize 1073796 [original]
parser_yylex 66e0 asso_values 0110 wordlist 03b28 lookup 0050 total  41832 filesize 1073856 [-D]
parser_yylex 66f0 asso_values 0110 wordlist 03b28 lookup 0030 total  41816 filesize 1074080 [-D -m10]
parser_yylex 66e0 asso_values 0100 wordlist 03b98 lookup 0000 total  41848 filesize 1073668 [-i0 -j1 -k1,3,$]
parser_yylex 66e0 asso_values 0100 wordlist 03b50 lookup 0000 total  41776 filesize 1073700 [-i0 -j1 -k1,2,3,$]
parser_yylex 66e0 asso_values 0100 wordlist 03cd0 lookup 0000 total  42160 filesize 1074084 [-i0 -j3 -k1,3,$]
parser_yylex 66e0 asso_values 0100 wordlist 03cd0 lookup 0000 total  42160 filesize 1074212 [-i0 -j3 -k1,2,3,$]
parser_yylex 66e0 asso_values 0100 wordlist 03d60 lookup 0000 total  42304 filesize 1074276 [-i0 -j5 -k1,3,$]
parser_yylex 66e0 asso_values 0100 wordlist 03d60 lookup 0000 total  42304 filesize 1074404 [-i0 -j5 -k1,2,3,$]
parser_yylex 66e0 asso_values 0100 wordlist 03bf8 lookup 0000 total  41944 filesize 1073796 [-i1 -j1 -k1,3,$]
parser_yylex 66e0 asso_values 0100 wordlist 03bb0 lookup 0000 total  41872 filesize 1073828 [-i1 -j1 -k1,2,3,$]
parser_yylex 66e0 asso_values 0100 wordlist 03d18 lookup 0000 total  42232 filesize 1074180 [-i1 -j3 -k1,3,$]
parser_yylex 66e0 asso_values 0100 wordlist 03c58 lookup 0000 total  42040 filesize 1074052 [-i1 -j3 -k1,2,3,$]
parser_yylex 66e0 asso_values 0100 wordlist 03da8 lookup 0000 total  42376 filesize 1074372 [-i1 -j5 -k1,3,$]
parser_yylex 66e0 asso_values 0100 wordlist 03dc0 lookup 0000 total  42400 filesize 1074532 [-i1 -j5 -k1,2,3,$]
parser_yylex 66e0 asso_values 0100 wordlist 03c58 lookup 0000 total  42040 filesize 1073924 [-i2 -j1 -k1,3,$]
parser_yylex 66e0 asso_values 0100 wordlist 03c88 lookup 0000 total  42088 filesize 1074116 [-i2 -j1 -k1,2,3,$]
parser_yylex 66e0 asso_values 0100 wordlist 03d18 lookup 0000 total  42232 filesize 1074180 [-i2 -j3 -k1,3,$]
parser_yylex 66e0 asso_values 0100 wordlist 03d48 lookup 0000 total  42280 filesize 1074372 [-i2 -j3 -k1,2,3,$]
parser_yylex 66e0 asso_values 0100 wordlist 03fd0 lookup 0000 total  42928 filesize 1075108 [-i2 -j5 -k1,3,$]
parser_yylex 66e0 asso_values 0100 wordlist 03f88 lookup 0000 total  42856 filesize 1075140 [-i2 -j5 -k1,2,3,$]
